This is pdfTeX, Version 3.14159265-2.6-1.40.21 (MiKTeX 20.6.29) (preloaded format=pdflatex 2020.7.16)  6 FEB 2023 12:18
entering extended mode
**"c:/Users/ashvn/my_project1/p-adic-L-functions/ITP 2023/Paper.tex"
("c:/Users/ashvn/my_project1/p-adic-L-functions/ITP 2023/Paper.tex"
LaTeX2e <2020-02-02> patch level 5
L3 programming layer <2020-06-18> (C:\Users\ashvn\AppData\Local\Programs\MiKTeX\tex/latex/base\article.cls
Document Class: article 2019/12/20 v1.4l Standard LaTeX document class
(C:\Users\ashvn\AppData\Local\Programs\MiKTeX\tex/latex/base\size11.clo
File: size11.clo 2019/12/20 v1.4l Standard LaTeX file (size option)
)
\c@part=\count167
\c@section=\count168
\c@subsection=\count169
\c@subsubsection=\count170
\c@paragraph=\count171
\c@subparagraph=\count172
\c@figure=\count173
\c@table=\count174
\abovecaptionskip=\skip47
\belowcaptionskip=\skip48
\bibindent=\dimen134
) (C:\Users\ashvn\AppData\Local\Programs\MiKTeX\tex/latex/base\inputenc.sty
Package: inputenc 2018/08/11 v1.3c Input encoding file
\inpenc@prehook=\toks15
\inpenc@posthook=\toks16
) (C:\Users\ashvn\AppData\Local\Programs\MiKTeX\tex/latex/amsmath\amsmath.sty
Package: amsmath 2020/01/20 v2.17e AMS math features
\@mathmargin=\skip49

For additional information on amsmath, use the `?' option.
(C:\Users\ashvn\AppData\Local\Programs\MiKTeX\tex/latex/amsmath\amstext.sty
Package: amstext 2000/06/29 v2.01 AMS text
 (C:\Users\ashvn\AppData\Local\Programs\MiKTeX\tex/latex/amsmath\amsgen.sty
File: amsgen.sty 1999/11/30 v2.0 generic functions
\@emptytoks=\toks17
\ex@=\dimen135
)) (C:\Users\ashvn\AppData\Local\Programs\MiKTeX\tex/latex/amsmath\amsbsy.sty
Package: amsbsy 1999/11/29 v1.2d Bold Symbols
\pmbraise@=\dimen136
) (C:\Users\ashvn\AppData\Local\Programs\MiKTeX\tex/latex/amsmath\amsopn.sty
Package: amsopn 2016/03/08 v2.02 operator names
)
\inf@bad=\count175
LaTeX Info: Redefining \frac on input line 227.
\uproot@=\count176
\leftroot@=\count177
LaTeX Info: Redefining \overline on input line 389.
\classnum@=\count178
\DOTSCASE@=\count179
LaTeX Info: Redefining \ldots on input line 486.
LaTeX Info: Redefining \dots on input line 489.
LaTeX Info: Redefining \cdots on input line 610.
\Mathstrutbox@=\box45
\strutbox@=\box46
\big@size=\dimen137
LaTeX Font Info:    Redeclaring font encoding OML on input line 733.
LaTeX Font Info:    Redeclaring font encoding OMS on input line 734.
\macc@depth=\count180
\c@MaxMatrixCols=\count181
\dotsspace@=\muskip16
\c@parentequation=\count182
\dspbrk@lvl=\count183
\tag@help=\toks18
\row@=\count184
\column@=\count185
\maxfields@=\count186
\andhelp@=\toks19
\eqnshift@=\dimen138
\alignsep@=\dimen139
\tagshift@=\dimen140
\tagwidth@=\dimen141
\totwidth@=\dimen142
\lineht@=\dimen143
\@envbody=\toks20
\multlinegap=\skip50
\multlinetaggap=\skip51
\mathdisplay@stack=\toks21
LaTeX Info: Redefining \[ on input line 2859.
LaTeX Info: Redefining \] on input line 2860.
) (C:\Users\ashvn\AppData\Local\Programs\MiKTeX\tex/latex/amsfonts\amssymb.sty
Package: amssymb 2013/01/14 v3.01 AMS font symbols
 (C:\Users\ashvn\AppData\Local\Programs\MiKTeX\tex/latex/amsfonts\amsfonts.sty
Package: amsfonts 2013/01/14 v3.01 Basic AMSFonts support
\symAMSa=\mathgroup4
\symAMSb=\mathgroup5
LaTeX Font Info:    Redeclaring math symbol \hbar on input line 98.
LaTeX Font Info:    Overwriting math alphabet `\mathfrak' in version `bold'
(Font)                  U/euf/m/n --> U/euf/b/n on input line 106.
)) (C:\Users\ashvn\AppData\Local\Programs\MiKTeX\tex/latex/hyperref\hyperref.sty
Package: hyperref 2020-05-15 v7.00e Hypertext links for LaTeX
 (C:\Users\ashvn\AppData\Local\Programs\MiKTeX\tex/generic/ltxcmds\ltxcmds.sty
Package: ltxcmds 2019/12/15 v1.24 LaTeX kernel commands for general use (HO)
) (C:\Users\ashvn\AppData\Local\Programs\MiKTeX\tex/generic/iftex\iftex.sty
Package: iftex 2020/03/06 v1.0d TeX engine tests
) (C:\Users\ashvn\AppData\Local\Programs\MiKTeX\tex/generic/pdftexcmds\pdftexcmds.sty
Package: pdftexcmds 2020-06-27 v0.33 Utility functions of pdfTeX for LuaTeX (HO)
 (C:\Users\ashvn\AppData\Local\Programs\MiKTeX\tex/generic/infwarerr\infwarerr.sty
Package: infwarerr 2019/12/03 v1.5 Providing info/warning/error messages (HO)
)
Package pdftexcmds Info: \pdf@primitive is available.
Package pdftexcmds Info: \pdf@ifprimitive is available.
Package pdftexcmds Info: \pdfdraftmode found.
) (C:\Users\ashvn\AppData\Local\Programs\MiKTeX\tex/latex/graphics\keyval.sty
Package: keyval 2014/10/28 v1.15 key=value parser (DPC)
\KV@toks@=\toks22
) (C:\Users\ashvn\AppData\Local\Programs\MiKTeX\tex/generic/kvsetkeys\kvsetkeys.sty
Package: kvsetkeys 2019/12/15 v1.18 Key value parser (HO)
) (C:\Users\ashvn\AppData\Local\Programs\MiKTeX\tex/generic/kvdefinekeys\kvdefinekeys.sty
Package: kvdefinekeys 2019-12-19 v1.6 Define keys (HO)
) (C:\Users\ashvn\AppData\Local\Programs\MiKTeX\tex/generic/pdfescape\pdfescape.sty
Package: pdfescape 2019/12/09 v1.15 Implements pdfTeX's escape features (HO)
) (C:\Users\ashvn\AppData\Local\Programs\MiKTeX\tex/latex/hycolor\hycolor.sty
Package: hycolor 2020-01-27 v1.10 Color options for hyperref/bookmark (HO)
) (C:\Users\ashvn\AppData\Local\Programs\MiKTeX\tex/latex/letltxmacro\letltxmacro.sty
Package: letltxmacro 2019/12/03 v1.6 Let assignment for LaTeX macros (HO)
) (C:\Users\ashvn\AppData\Local\Programs\MiKTeX\tex/latex/auxhook\auxhook.sty
Package: auxhook 2019-12-17 v1.6 Hooks for auxiliary files (HO)
) (C:\Users\ashvn\AppData\Local\Programs\MiKTeX\tex/latex/kvoptions\kvoptions.sty
Package: kvoptions 2019/11/29 v3.13 Key value format for package options (HO)
)
\@linkdim=\dimen144
\Hy@linkcounter=\count187
\Hy@pagecounter=\count188
 (C:\Users\ashvn\AppData\Local\Programs\MiKTeX\tex/latex/hyperref\pd1enc.def
File: pd1enc.def 2020-05-15 v7.00e Hyperref: PDFDocEncoding definition (HO)
Now handling font encoding PD1 ...
... no UTF-8 mapping file for font encoding PD1
) (C:\Users\ashvn\AppData\Local\Programs\MiKTeX\tex/generic/intcalc\intcalc.sty
Package: intcalc 2019/12/15 v1.3 Expandable calculations with integers (HO)
) (C:\Users\ashvn\AppData\Local\Programs\MiKTeX\tex/generic/etexcmds\etexcmds.sty
Package: etexcmds 2019/12/15 v1.7 Avoid name clashes with e-TeX commands (HO)
)
\Hy@SavedSpaceFactor=\count189
Package hyperref Info: Hyper figures OFF on input line 4464.
Package hyperref Info: Link nesting OFF on input line 4469.
Package hyperref Info: Hyper index ON on input line 4472.
Package hyperref Info: Plain pages OFF on input line 4479.
Package hyperref Info: Backreferencing OFF on input line 4484.
Package hyperref Info: Implicit mode ON; LaTeX internals redefined.
Package hyperref Info: Bookmarks ON on input line 4717.
\c@Hy@tempcnt=\count190
 (C:\Users\ashvn\AppData\Local\Programs\MiKTeX\tex/latex/url\url.sty
\Urlmuskip=\muskip17
Package: url 2013/09/16  ver 3.4  Verb mode for urls, etc.
)
LaTeX Info: Redefining \url on input line 5076.
\XeTeXLinkMargin=\dimen145
 (C:\Users\ashvn\AppData\Local\Programs\MiKTeX\tex/generic/bitset\bitset.sty
Package: bitset 2019/12/09 v1.3 Handle bit-vector datatype (HO)
 (C:\Users\ashvn\AppData\Local\Programs\MiKTeX\tex/generic/bigintcalc\bigintcalc.sty
Package: bigintcalc 2019/12/15 v1.5 Expandable calculations on big integers (HO)
))
\Fld@menulength=\count191
\Field@Width=\dimen146
\Fld@charsize=\dimen147
Package hyperref Info: Hyper figures OFF on input line 6347.
Package hyperref Info: Link nesting OFF on input line 6352.
Package hyperref Info: Hyper index ON on input line 6355.
Package hyperref Info: backreferencing OFF on input line 6362.
Package hyperref Info: Link coloring OFF on input line 6367.
Package hyperref Info: Link coloring with OCG OFF on input line 6372.
Package hyperref Info: PDF/A mode OFF on input line 6377.
LaTeX Info: Redefining \ref on input line 6417.
LaTeX Info: Redefining \pageref on input line 6421.
 (C:\Users\ashvn\AppData\Local\Programs\MiKTeX\tex/generic/atbegshi\atbegshi.sty
Package: atbegshi 2019/12/05 v1.19 At begin shipout hook (HO)
)
\Hy@abspage=\count192
\c@Item=\count193
\c@Hfootnote=\count194
)
Package hyperref Info: Driver (autodetected): hpdftex.
 (C:\Users\ashvn\AppData\Local\Programs\MiKTeX\tex/latex/hyperref\hpdftex.def
File: hpdftex.def 2020-05-15 v7.00e Hyperref driver for pdfTeX
 (C:\Users\ashvn\AppData\Local\Programs\MiKTeX\tex/latex/atveryend\atveryend.sty
Package: atveryend 2019-12-11 v1.11 Hooks at the very end of document (HO)
Package atveryend Info: \enddocument detected (standard20110627).
)
\Fld@listcount=\count195
\c@bookmark@seq@number=\count196
 (C:\Users\ashvn\AppData\Local\Programs\MiKTeX\tex/latex/rerunfilecheck\rerunfilecheck.sty
Package: rerunfilecheck 2019/12/05 v1.9 Rerun checks for auxiliary files (HO)
 (C:\Users\ashvn\AppData\Local\Programs\MiKTeX\tex/generic/uniquecounter\uniquecounter.sty
Package: uniquecounter 2019/12/15 v1.4 Provide unlimited unique counter (HO)
)
Package uniquecounter Info: New unique counter `rerunfilecheck' on input line 286.
)
\Hy@SectionHShift=\skip52
) (C:\Users\ashvn\AppData\Local\Programs\MiKTeX\tex/latex/makecell\makecell.sty
Package: makecell 2009/08/03 V0.1e Managing of Tab Column Heads and Cells
 (C:\Users\ashvn\AppData\Local\Programs\MiKTeX\tex/latex/tools\array.sty
Package: array 2019/08/31 v2.4l Tabular extension package (FMi)
\col@sep=\dimen148
\ar@mcellbox=\box47
\extrarowheight=\dimen149
\NC@list=\toks23
\extratabsurround=\skip53
\backup@length=\skip54
\ar@cellbox=\box48
)
\rotheadsize=\dimen150
\c@nlinenum=\count197
\TeXr@lab=\toks24
) (C:\Users\ashvn\AppData\Local\Programs\MiKTeX\tex/latex/xcolor\xcolor.sty
Package: xcolor 2016/05/11 v2.12 LaTeX color extensions (UK)
 (C:\Users\ashvn\AppData\Local\Programs\MiKTeX\tex/latex/graphics-cfg\color.cfg
File: color.cfg 2016/01/02 v1.6 sample color configuration
)
Package xcolor Info: Driver file: pdftex.def on input line 225.
 (C:\Users\ashvn\AppData\Local\Programs\MiKTeX\tex/latex/graphics-def\pdftex.def
File: pdftex.def 2018/01/08 v1.0l Graphics/color driver for pdftex
)
Package xcolor Info: Model `cmy' substituted by `cmy0' on input line 1348.
Package xcolor Info: Model `hsb' substituted by `rgb' on input line 1352.
Package xcolor Info: Model `RGB' extended on input line 1364.
Package xcolor Info: Model `HTML' substituted by `rgb' on input line 1366.
Package xcolor Info: Model `Hsb' substituted by `hsb' on input line 1367.
Package xcolor Info: Model `tHsb' substituted by `hsb' on input line 1368.
Package xcolor Info: Model `HSB' substituted by `hsb' on input line 1369.
Package xcolor Info: Model `Gray' substituted by `gray' on input line 1370.
Package xcolor Info: Model `wave' substituted by `hsb' on input line 1371.
) (C:\Users\ashvn\AppData\Local\Programs\MiKTeX\tex/latex/tools\xspace.sty
Package: xspace 2014/10/28 v1.13 Space after command names (DPC,MH)
) (C:\Users\ashvn\AppData\Local\Programs\MiKTeX\tex/latex/listings\listings.sty
\lst@mode=\count198
\lst@gtempboxa=\box49
\lst@token=\toks25
\lst@length=\count199
\lst@currlwidth=\dimen151
\lst@column=\count266
\lst@pos=\count267
\lst@lostspace=\dimen152
\lst@width=\dimen153
\lst@newlines=\count268
\lst@lineno=\count269
\lst@maxwidth=\dimen154
 (C:\Users\ashvn\AppData\Local\Programs\MiKTeX\tex/latex/listings\lstmisc.sty
File: lstmisc.sty 2020/03/24 1.8d (Carsten Heinz)
\c@lstnumber=\count270
\lst@skipnumbers=\count271
\lst@framebox=\box50
) (C:\Users\ashvn\AppData\Local\Programs\MiKTeX\tex/latex/listings\listings.cfg
File: listings.cfg 2020/03/24 1.8d listings configuration
))
Package: listings 2020/03/24 1.8d (Carsten Heinz)
 ("c:/Users\ashvn\my_project1\p-adic-L-functions\ITP 2023\lstlean.tex")
   defining Unicode char U+21D1 (decimal 8657)
   defining Unicode char U+2194 (decimal 8596)
   defining Unicode char U+1D4DD (decimal 120029)
   defining Unicode char U+22C3 (decimal 8899)
   defining Unicode char U+03BB (decimal 955)
   defining Unicode char U+03B1 (decimal 945)
   defining Unicode char U+03C3 (decimal 963)
   defining Unicode char U+03C7 (decimal 967)
   defining Unicode char U+2081 (decimal 8321)
   defining Unicode char U+2082 (decimal 8322)
   defining Unicode char U+2090 (decimal 8336)
   defining Unicode char U+2097 (decimal 8343)
   defining Unicode char U+211A (decimal 8474)
   defining Unicode char U+2124 (decimal 8484)
   defining Unicode char U+2115 (decimal 8469)
   defining Unicode char U+2211 (decimal 8721)
   defining Unicode char U+2264 (decimal 8804)
   defining Unicode char U+2286 (decimal 8838)
   defining Unicode char U+22A4 (decimal 8868)
   defining Unicode char U+22A5 (decimal 8869)
   defining Unicode char U+2243 (decimal 8771)
   defining Unicode char U+2080 (decimal 8320)
   defining Unicode char U+03C8 (decimal 968)
   defining Unicode char U+2225 (decimal 8741)
   defining Unicode char U+2A06 (decimal 10758)
   defining Unicode char U+02E3 (decimal 739)
   defining Unicode char U+03B5 (decimal 949)
   defining Unicode char U+2203 (decimal 8707)
   defining Unicode char U+2200 (decimal 8704)
   defining Unicode char U+2265 (decimal 8805)
   defining Unicode char U+1DA0 (decimal 7584)
 (C:\Users\ashvn\AppData\Local\Programs\MiKTeX\tex/latex/l3backend\l3backend-pdfmode.def
File: l3backend-pdfmode.def 2020-06-29 L3 backend support: PDF mode
\l__kernel_color_stack_int=\count272
\l__pdf_internal_box=\box51
) ("c:/Users\ashvn\my_project1\p-adic-L-functions\ITP 2023\Paper.aux")
\openout1 = `Paper.aux'.

LaTeX Font Info:    Checking defaults for OML/cmm/m/it on input line 82.
LaTeX Font Info:    ... okay on input line 82.
LaTeX Font Info:    Checking defaults for OMS/cmsy/m/n on input line 82.
LaTeX Font Info:    ... okay on input line 82.
LaTeX Font Info:    Checking defaults for OT1/cmr/m/n on input line 82.
LaTeX Font Info:    ... okay on input line 82.
LaTeX Font Info:    Checking defaults for T1/cmr/m/n on input line 82.
LaTeX Font Info:    ... okay on input line 82.
LaTeX Font Info:    Checking defaults for TS1/cmr/m/n on input line 82.
LaTeX Font Info:    ... okay on input line 82.
LaTeX Font Info:    Checking defaults for OMX/cmex/m/n on input line 82.
LaTeX Font Info:    ... okay on input line 82.
LaTeX Font Info:    Checking defaults for U/cmr/m/n on input line 82.
LaTeX Font Info:    ... okay on input line 82.
LaTeX Font Info:    Checking defaults for PD1/pdf/m/n on input line 82.
LaTeX Font Info:    ... okay on input line 82.
\AtBeginShipoutBox=\box52
Package hyperref Info: Link coloring OFF on input line 82.
 (C:\Users\ashvn\AppData\Local\Programs\MiKTeX\tex/latex/hyperref\nameref.sty
Package: nameref 2019/09/16 v2.46 Cross-referencing by name of section
 (C:\Users\ashvn\AppData\Local\Programs\MiKTeX\tex/latex/refcount\refcount.sty
Package: refcount 2019/12/15 v3.6 Data extraction from label references (HO)
) (C:\Users\ashvn\AppData\Local\Programs\MiKTeX\tex/generic/gettitlestring\gettitlestring.sty
Package: gettitlestring 2019/12/15 v1.6 Cleanup title references (HO)
)
\c@section@level=\count273
)
LaTeX Info: Redefining \ref on input line 82.
LaTeX Info: Redefining \pageref on input line 82.
LaTeX Info: Redefining \nameref on input line 82.
 ("c:/Users\ashvn\my_project1\p-adic-L-functions\ITP 2023\Paper.out") ("c:/Users\ashvn\my_project1\p-adic-L-functions\ITP 2023\Paper.out")
\@outlinefile=\write3
\openout3 = `Paper.out'.

 (C:\Users\ashvn\AppData\Local\Programs\MiKTeX\tex/context/base/mkii\supp-pdf.mkii
[Loading MPS to PDF converter (version 2006.09.02).]
\scratchcounter=\count274
\scratchdimen=\dimen155
\scratchbox=\box53
\nofMPsegments=\count275
\nofMParguments=\count276
\everyMPshowfont=\toks26
\MPscratchCnt=\count277
\MPscratchDim=\dimen156
\MPnumerator=\count278
\makeMPintoPDFobject=\count279
\everyMPtoPDFconversion=\toks27
)
\c@lstlisting=\count280
LaTeX Font Info:    Trying to load font information for U+msa on input line 84.
 (C:\Users\ashvn\AppData\Local\Programs\MiKTeX\tex/latex/amsfonts\umsa.fd
File: umsa.fd 2013/01/14 v3.01 AMS symbols A
)
LaTeX Font Info:    Trying to load font information for U+msb on input line 84.
 (C:\Users\ashvn\AppData\Local\Programs\MiKTeX\tex/latex/amsfonts\umsb.fd
File: umsb.fd 2013/01/14 v3.01 AMS symbols B
) ("c:/Users\ashvn\my_project1\p-adic-L-functions\ITP 2023\Paper.toc" [1

{C:/Users/ashvn/AppData/Local/MiKTeX/pdftex/config/pdftex.map}])
\tf@toc=\write4
\openout4 = `Paper.toc'.


Underfull \hbox (badness 10000) in paragraph at lines 88--103

 []


Underfull \hbox (badness 10000) in paragraph at lines 104--110

 []


Underfull \hbox (badness 10000) in paragraph at lines 111--117

 []


Underfull \hbox (badness 10000) in paragraph at lines 118--122

 []

[2]
Underfull \hbox (badness 10000) in paragraph at lines 132--138

 []


Underfull \hbox (badness 10000) in paragraph at lines 139--145

 []


Underfull \hbox (badness 10000) in paragraph at lines 146--150

 []


Underfull \hbox (badness 10000) in paragraph at lines 151--161

 []


Underfull \hbox (badness 10000) in paragraph at lines 162--165

 []

[3]
Underfull \hbox (badness 10000) in paragraph at lines 172--177

 []

LaTeX Font Info:    Font shape `OT1/cmtt/bx/n' in size <12> not available
(Font)              Font shape `OT1/cmtt/m/n' tried instead on input line 189.

Underfull \hbox (badness 10000) in paragraph at lines 190--193

 []


Underfull \hbox (badness 10000) in paragraph at lines 194--200

 []

[4]
Underfull \hbox (badness 10000) in paragraph at lines 208--212

 []


Underfull \hbox (badness 10000) in paragraph at lines 235--240

 []


Overfull \hbox (38.73602pt too wide) in paragraph at lines 258--264
\OT1/cmr/m/n/10.95 A topo-log-i-cal space is \OT1/cmtt/m/n/10.95 totally[]separated \OT1/cmr/m/n/10.95 if the uni-ver-sal set of the space \OT1/cmtt/m/n/10.95 univ \OT1/cmr/m/n/10.95 sat-is-fies \OT1/cmtt/m/n/10.95 is[]totally[]separated\OT1/cmr/m/n/10.95 . 
 []

[5]
LaTeX Font Info:    Trying to load font information for TS1+cmtt on input line 292.
 (C:\Users\ashvn\AppData\Local\Programs\MiKTeX\tex/latex/base\ts1cmtt.fd
File: ts1cmtt.fd 2019/12/16 v2.5j Standard LaTeX font definitions
)
Underfull \hbox (badness 10000) in paragraph at lines 292--297

 []


Underfull \hbox (badness 10000) in paragraph at lines 315--317

 []

[6]
Underfull \hbox (badness 10000) in paragraph at lines 329--334

 []


Package hyperref Warning: Token not allowed in a PDF string (PDFDocEncoding):
(hyperref)                removing `math shift' on input line 356.


Package hyperref Warning: Token not allowed in a PDF string (PDFDocEncoding):
(hyperref)                removing `subscript' on input line 356.


Package hyperref Warning: Token not allowed in a PDF string (PDFDocEncoding):
(hyperref)                removing `math shift' on input line 356.


Underfull \hbox (badness 10000) in paragraph at lines 357--363

 []

[7]
Underfull \hbox (badness 10000) in paragraph at lines 387--392

 []


Underfull \hbox (badness 10000) in paragraph at lines 393--396

 []

[8]
Underfull \hbox (badness 10000) in paragraph at lines 406--409

 []


Overfull \hbox (4.7603pt too wide) in paragraph at lines 446--448
[]\OT1/cmr/m/n/10.95 With the as-sis-tance of a few lem-mas, it is easy to trans-late be-tween \OT1/cmtt/m/n/10.95 change[]level \OT1/cmr/m/n/10.95 and \OT1/cmtt/m/n/10.95 factors[]through\OT1/cmr/m/n/10.95 .
 []

[9] [10]
Underfull \hbox (badness 10000) in paragraph at lines 540--544

 []

[11]
Underfull \hbox (badness 10000) in paragraph at lines 553--556

 []


Underfull \hbox (badness 10000) in paragraph at lines 569--572

 []

[12]

Package amsmath Warning: Foreign command \atopwithdelims;
(amsmath)                \frac or \genfrac should be used instead
(amsmath)                 on input line 618.


Underfull \hbox (badness 10000) in paragraph at lines 642--646

 []

[13]
Underfull \hbox (badness 10000) in paragraph at lines 672--677

 []

[14]
Underfull \hbox (badness 10000) in paragraph at lines 694--696

 []

[15]
Underfull \hbox (badness 10000) in paragraph at lines 732--743

 []


Underfull \hbox (badness 10000) in paragraph at lines 767--771

 []

[16]
Underfull \hbox (badness 10000) in paragraph at lines 780--783

 []


Underfull \hbox (badness 10000) in paragraph at lines 812--815

 []

[17]

Package hyperref Warning: Token not allowed in a PDF string (PDFDocEncoding):
(hyperref)                removing `math shift' on input line 819.


Package hyperref Warning: Token not allowed in a PDF string (PDFDocEncoding):
(hyperref)                removing `math shift' on input line 819.


Package hyperref Warning: Token not allowed in a PDF string (PDFDocEncoding):
(hyperref)                removing `math shift' on input line 819.


Package hyperref Warning: Token not allowed in a PDF string (PDFDocEncoding):
(hyperref)                removing `math shift' on input line 819.


Underfull \hbox (badness 10000) in paragraph at lines 822--828

 []


Underfull \hbox (badness 10000) in paragraph at lines 829--839

 []


Underfull \hbox (badness 10000) in paragraph at lines 858--862

 []

[18]

Package hyperref Warning: Token not allowed in a PDF string (PDFDocEncoding):
(hyperref)                removing `math shift' on input line 877.


Package hyperref Warning: Token not allowed in a PDF string (PDFDocEncoding):
(hyperref)                removing `math shift' on input line 877.


Underfull \hbox (badness 10000) in paragraph at lines 878--882

 []

[19]
Underfull \hbox (badness 10000) in paragraph at lines 922--930

 []


Package hyperref Warning: Token not allowed in a PDF string (PDFDocEncoding):
(hyperref)                removing `math shift' on input line 936.


Package hyperref Warning: Token not allowed in a PDF string (PDFDocEncoding):
(hyperref)                removing `math shift' on input line 936.


Underfull \hbox (badness 10000) in paragraph at lines 937--943

 []


Underfull \hbox (badness 10000) in paragraph at lines 957--963

 []

[20]
Underfull \hbox (badness 10000) in paragraph at lines 973--974

 []


Underfull \hbox (badness 10000) in paragraph at lines 979--982

 []


Underfull \hbox (badness 10000) in paragraph at lines 994--999

 []

[21]
Underfull \hbox (badness 10000) in paragraph at lines 1045--1047

 []


Underfull \hbox (badness 10000) in paragraph at lines 1057--1060

 []

[22]
Underfull \hbox (badness 10000) in paragraph at lines 1080--1085

 []


Underfull \hbox (badness 10000) in paragraph at lines 1093--1098

 []


Underfull \hbox (badness 10000) in paragraph at lines 1107--1108

 []

[23]
Underfull \hbox (badness 10000) in paragraph at lines 1118--1121

 []


Underfull \hbox (badness 10000) in paragraph at lines 1144--1149

 []

[24]
Underfull \hbox (badness 10000) in paragraph at lines 1163--1166

 []


Underfull \hbox (badness 10000) in paragraph at lines 1173--1174

 []


Underfull \hbox (badness 10000) in paragraph at lines 1177--1180

 []


Package hyperref Warning: Token not allowed in a PDF string (PDFDocEncoding):
(hyperref)                removing `math shift' on input line 1185.


Package hyperref Warning: Token not allowed in a PDF string (PDFDocEncoding):
(hyperref)                removing `math shift' on input line 1185.


Package hyperref Warning: Token not allowed in a PDF string (PDFDocEncoding):
(hyperref)                removing `math shift' on input line 1185.


Package hyperref Warning: Token not allowed in a PDF string (PDFDocEncoding):
(hyperref)                removing `math shift' on input line 1185.


Package hyperref Warning: Token not allowed in a PDF string (PDFDocEncoding):
(hyperref)                removing `math shift' on input line 1185.


Package hyperref Warning: Token not allowed in a PDF string (PDFDocEncoding):
(hyperref)                removing `math shift' on input line 1185.


Package hyperref Warning: Token not allowed in a PDF string (PDFDocEncoding):
(hyperref)                removing `math shift' on input line 1186.


Package hyperref Warning: Token not allowed in a PDF string (PDFDocEncoding):
(hyperref)                removing `math shift' on input line 1186.

[25]
Underfull \hbox (badness 10000) in paragraph at lines 1193--1197

 []


Underfull \hbox (badness 10000) in paragraph at lines 1214--1215

 []

[26]
Underfull \hbox (badness 10000) in paragraph at lines 1246--1249

 []


Underfull \hbox (badness 10000) in paragraph at lines 1250--1252

 []


Underfull \hbox (badness 10000) in paragraph at lines 1267--1271

 []


Underfull \hbox (badness 10000) in paragraph at lines 1272--1276

 []

[27]
Underfull \hbox (badness 10000) in paragraph at lines 1312--1314

 []

[28]
Underfull \hbox (badness 10000) in paragraph at lines 1315--1320

 []


Underfull \hbox (badness 10000) in paragraph at lines 1336--1339

 []


Overfull \hbox (25.78923pt too wide) detected at line 1350
\OT1/cmr/m/n/10.95 = [] [] [] \OML/cmm/m/it/10.95 ![]a[][][][] \OMS/cmsy/m/n/10.95   [] \OML/cmm/m/it/10.95 ![]a[][]c[][][][] \OT1/cmr/m/n/10.95 + [][][] [] \OML/cmm/m/it/10.95 ![]a[][]
 []


Underfull \hbox (badness 10000) in paragraph at lines 1352--1358

 []

[29]
Underfull \hbox (badness 10000) in paragraph at lines 1371--1374

 []

[30]
Underfull \hbox (badness 10000) in paragraph at lines 1397--1400

 []


Underfull \hbox (badness 10000) in paragraph at lines 1401--1404

 []


Underfull \hbox (badness 10000) in paragraph at lines 1405--1406

 []


Overfull \hbox (19.90125pt too wide) in paragraph at lines 1421--1424
\OT1/cmr/m/n/10.95 This is a one-line proof us-ing \OT1/cmtt/m/n/10.95 filter.tendsto[]const[]mul\OT1/cmr/m/n/10.95 . How-ever, if done us-ing \OT1/cmtt/m/n/10.95 metric.tendsto[]at[]top\OT1/cmr/m/n/10.95 ,
 []


Underfull \hbox (badness 10000) in paragraph at lines 1421--1424

 []


Underfull \hbox (badness 10000) in paragraph at lines 1431--1435

 []

[31]
Underfull \hbox (badness 10000) in paragraph at lines 1436--1443

 []


Underfull \hbox (badness 10000) in paragraph at lines 1444--1449

 []


Underfull \hbox (badness 10000) in paragraph at lines 1457--1461

 []

[32]
Underfull \hbox (badness 10000) in paragraph at lines 1466--1468

 []

("c:/Users\ashvn\my_project1\p-adic-L-functions\ITP 2023\Paper.bbl" [33])
Package atveryend Info: Empty hook `BeforeClearDocument' on input line 1480.
 [34]
Package atveryend Info: Empty hook `AfterLastShipout' on input line 1480.
 ("c:/Users\ashvn\my_project1\p-adic-L-functions\ITP 2023\Paper.aux")
Package atveryend Info: Executing hook `AtVeryEndDocument' on input line 1480.
Package atveryend Info: Executing hook `AtEndAfterFileList' on input line 1480.
Package rerunfilecheck Info: File `Paper.out' has not changed.
(rerunfilecheck)             Checksum: 92CC31ACD17C3553DFF2E4349D9A0FE9;2111.
Package atveryend Info: Empty hook `AtVeryVeryEnd' on input line 1480.
 ) 
Here is how much of TeX's memory you used:
 9143 strings out of 480790
 133035 string characters out of 2897301
 546764 words of memory out of 3000000
 24572 multiletter control sequences out of 15000+200000
 547446 words of font info for 84 fonts, out of 3000000 for 9000
 1141 hyphenation exceptions out of 8191
 37i,15n,40p,449b,1180s stack positions out of 5000i,500n,10000p,200000b,50000s
 <C:\Users\ashvn\AppData\Local\MiKTeX\fonts/pk/ljfour/jknappen/ec/dpi600\tcrm1095.pk> <C:\Users\ashvn\AppData\Local\MiKTeX\fonts/pk/ljfour/jknappen/ec/dpi600\tctt1095.pk><C:/Users/ashvn/AppData/Local/Programs/MiKTeX/fonts/type1/public/amsfonts/cm/cmbx10.pfb><C:/Users/ashvn/AppData/Local/Programs/MiKTeX/fonts/type1/public/amsfonts/cm/cmbx12.pfb><C:/Users/ashvn/AppData/Local/Programs/MiKTeX/fonts/type1/public/amsfonts/cm/cmex10.pfb><C:/Users/ashvn/AppData/Local/Programs/MiKTeX/fonts/type1/public/amsfonts/cm/cmmi10.pfb><C:/Users/ashvn/AppData/Local/Programs/MiKTeX/fonts/type1/public/amsfonts/cm/cmmi12.pfb><C:/Users/ashvn/AppData/Local/Programs/MiKTeX/fonts/type1/public/amsfonts/cm/cmmi6.pfb><C:/Users/ashvn/AppData/Local/Programs/MiKTeX/fonts/type1/public/amsfonts/cm/cmmi8.pfb><C:/Users/ashvn/AppData/Local/Programs/MiKTeX/fonts/type1/public/amsfonts/cm/cmr10.pfb><C:/Users/ashvn/AppData/Local/Programs/MiKTeX/fonts/type1/public/amsfonts/cm/cmr12.pfb><C:/Users/ashvn/AppData/Local/Programs/MiKTeX/fonts/type1/public/amsfonts/cm/cmr17.pfb><C:/Users/ashvn/AppData/Local/Programs/MiKTeX/fonts/type1/public/amsfonts/cm/cmr6.pfb><C:/Users/ashvn/AppData/Local/Programs/MiKTeX/fonts/type1/public/amsfonts/cm/cmr8.pfb><C:/Users/ashvn/AppData/Local/Programs/MiKTeX/fonts/type1/public/amsfonts/cm/cmr9.pfb><C:/Users/ashvn/AppData/Local/Programs/MiKTeX/fonts/type1/public/amsfonts/cm/cmsy10.pfb><C:/Users/ashvn/AppData/Local/Programs/MiKTeX/fonts/type1/public/amsfonts/cm/cmsy6.pfb><C:/Users/ashvn/AppData/Local/Programs/MiKTeX/fonts/type1/public/amsfonts/cm/cmsy8.pfb><C:/Users/ashvn/AppData/Local/Programs/MiKTeX/fonts/type1/public/amsfonts/cm/cmsy9.pfb><C:/Users/ashvn/AppData/Local/Programs/MiKTeX/fonts/type1/public/amsfonts/cm/cmti10.pfb><C:/Users/ashvn/AppData/Local/Programs/MiKTeX/fonts/type1/public/amsfonts/cm/cmtt10.pfb><C:/Users/ashvn/AppData/Local/Programs/MiKTeX/fonts/type1/public/amsfonts/cm/cmtt12.pfb><C:/Users/ashvn/AppData/Local/Programs/MiKTeX/fonts/type1/public/amsfonts/cm/cmtt8.pfb><C:/Users/ashvn/AppData/Local/Programs/MiKTeX/fonts/type1/public/amsfonts/symbols/msbm10.pfb>
Output written on "c:/Users\ashvn\my_project1\p-adic-L-functions\ITP 2023\Paper.pdf" (34 pages, 470892 bytes).
PDF statistics:
 891 PDF objects out of 1000 (max. 8388607)
 444 named destinations out of 1000 (max. 500000)
 225 words of extra memory for PDF output out of 10000 (max. 10000000)

