\BOOKMARK [1][-]{section.1}{Introduction}{}% 1
\BOOKMARK [2][-]{subsection.1.1}{Mathematical overview}{section.1}% 2
\BOOKMARK [2][-]{subsection.1.2}{Lean and mathlib}{section.1}% 3
\BOOKMARK [1][-]{section.2}{Preliminaries}{}% 4
\BOOKMARK [2][-]{subsection.2.1}{Modular arithmetic and Zp}{section.2}% 5
\BOOKMARK [2][-]{subsection.2.2}{Dirichlet characters and the Teichm\374ller character}{section.2}% 6
\BOOKMARK [3][-]{subsubsection.2.2.1}{Changing levels, primitivity and multiplication}{subsection.2.2}% 7
\BOOKMARK [3][-]{subsubsection.2.2.2}{Additional properties}{subsection.2.2}% 8
\BOOKMARK [3][-]{subsubsection.2.2.3}{Teichm\374ller character}{subsection.2.2}% 9
\BOOKMARK [2][-]{subsection.2.3}{Bernoulli polynomials and the generalized Bernoulli number}{section.2}% 10
\BOOKMARK [3][-]{subsubsection.2.3.1}{Properties}{subsection.2.3}% 11
\BOOKMARK [3][-]{subsubsection.2.3.2}{Generalized Bernoulli numbers}{subsection.2.3}% 12
\BOOKMARK [2][-]{subsection.2.4}{Filters and convergence}{section.2}% 13
\BOOKMARK [1][-]{section.3}{Construction of the p-adic L-function}{}% 14
\BOOKMARK [2][-]{subsection.3.1}{Profinite spaces}{section.3}% 15
\BOOKMARK [3][-]{subsubsection.3.1.1}{Density of locally constant functions}{subsection.3.1}% 16
\BOOKMARK [3][-]{subsubsection.3.1.2}{Clopen sets of the p-adic integers}{subsection.3.1}% 17
\BOOKMARK [2][-]{subsection.3.2}{p-adic distributions and measures}{section.3}% 18
\BOOKMARK [2][-]{subsection.3.3}{The Bernoulli measure}{section.3}% 19
\BOOKMARK [2][-]{subsection.3.4}{p-adic integrals and the p-adic L-function}{section.3}% 20
\BOOKMARK [3][-]{subsubsection.3.4.1}{p-adic Integrals}{subsection.3.4}% 21
\BOOKMARK [3][-]{subsubsection.3.4.2}{Construction}{subsection.3.4}% 22
\BOOKMARK [1][-]{section.4}{Evaluation at negative integers}{}% 23
\BOOKMARK [2][-]{subsection.4.1}{Factors of the conductor}{section.4}% 24
\BOOKMARK [2][-]{subsection.4.2}{Main Result}{section.4}% 25
\BOOKMARK [1][-]{section.5}{Conclusion}{}% 26
\BOOKMARK [2][-]{subsection.5.1}{Analysis}{section.5}% 27
\BOOKMARK [2][-]{subsection.5.2}{Acknowledgements}{section.5}% 28
